=== SQL 파싱 자동화 스크립트 시작 ===
총 31개의 파일을 분석합니다...

[DW_D_FE_MK_LGPROMO_ACTRSLT_01.sql] 분석 중...
  -> 내용이 비어있어 스킵합니다.
[DW_D_FE_MK_MIDPROMO_ACTRSLT_01.sql] 분석 중...
  -> 구문 분석에 실패하여 정규식(Regex) 안전망을 통해 테이블 추출을 시도합니다.
  -> 분석 완료 (추출된 테이블: 12개)
[DW_D_FE_MK_ONLN_PRMTN_CHNG_TEMP_01.sql] 분석 중...
  -> 구문 분석에 실패하여 정규식(Regex) 안전망을 통해 테이블 추출을 시도합니다.
  -> 분석 완료 (추출된 테이블: 3개)
[DW_D_FE_MK_PRMTN_ACTRSLT_01.sql] 분석 중...
  -> 구문 분석에 실패하여 정규식(Regex) 안전망을 통해 테이블 추출을 시도합니다.
  -> 분석 완료 (추출된 테이블: 18개)
[DW_D_FE_MK_PRMTN_OFFER_ORD_TEMP_01.sql] 분석 중...
  -> 구문 분석에 실패하여 정규식(Regex) 안전망을 통해 테이블 추출을 시도합니다.
  -> 분석 완료 (추출된 테이블: 16개)
[DW_D_FE_MK_PRMTN_ORD_SL_01.sql] 분석 중...
  -> 구문 분석에 실패하여 정규식(Regex) 안전망을 통해 테이블 추출을 시도합니다.
  -> 분석 완료 (추출된 테이블: 11개)
[DW_D_FE_MK_PRMTN_ORD_TEMP_01.sql] 분석 중...
  -> 구문 분석에 실패하여 정규식(Regex) 안전망을 통해 테이블 추출을 시도합니다.
  -> 분석 완료 (추출된 테이블: 17개)
[DW_D_FL_MK_LGPROMO_ACTRSLT_01.sql] 분석 중...
  -> 구문 분석에 실패하여 정규식(Regex) 안전망을 통해 테이블 추출을 시도합니다.
  -> 분석 완료 (추출된 테이블: 15개)
[DW_D_FL_MK_MIDPROMO_ACTRSLT_01.sql] 분석 중...
  -> 구문 분석에 실패하여 정규식(Regex) 안전망을 통해 테이블 추출을 시도합니다.
  -> 분석 완료 (추출된 테이블: 16개)
[DW_D_FL_MK_PRMTN_ACTRSLT_01.sql] 분석 중...
  -> 구문 분석에 실패하여 정규식(Regex) 안전망을 통해 테이블 추출을 시도합니다.
  -> 분석 완료 (추출된 테이블: 28개)
[DW_D_FL_MK_PRMTN_EXCH_CHNG_TEMP_01.sql] 분석 중...
  -> 구문 분석에 실패하여 정규식(Regex) 안전망을 통해 테이블 추출을 시도합니다.
  -> 분석 완료 (추출된 테이블: 11개)
[DW_D_FL_MK_PRMTN_EXCH_SL_01.sql] 분석 중...
  -> 구문 분석에 실패하여 정규식(Regex) 안전망을 통해 테이블 추출을 시도합니다.
  -> 분석 완료 (추출된 테이블: 14개)
[DW_D_SO_LC_LGPROMO_ACTRSLT_AGRG_01.sql] 분석 중...
  -> 구문 분석에 실패하여 정규식(Regex) 안전망을 통해 테이블 추출을 시도합니다.
  -> 분석 완료 (추출된 테이블: 3개)
[DW_D_SO_LC_MIDPROMO_ACTRSLT_AGRG_01.sql] 분석 중...
  -> 구문 분석에 실패하여 정규식(Regex) 안전망을 통해 테이블 추출을 시도합니다.
  -> 분석 완료 (추출된 테이블: 2개)
[DW_D_SO_LC_SMPROMO_ACTRSLT_AGRG_01.sql] 분석 중...
  -> 구문 분석에 실패하여 정규식(Regex) 안전망을 통해 테이블 추출을 시도합니다.
  -> 분석 완료 (추출된 테이블: 2개)
[DW_INIT_FL_MK_PRMTN_OFFER_ACTRSLT_init.sql] 분석 중...
  -> 구문 분석에 실패하여 정규식(Regex) 안전망을 통해 테이블 추출을 시도합니다.
  -> 분석 완료 (추출된 테이블: 30개)
[multiple_with.txt] 분석 중...
  -> 구문 분석에 실패하여 정규식(Regex) 안전망을 통해 테이블 추출을 시도합니다.
  -> 분석 완료 (추출된 테이블: 16개)
[mysql.sql] 분석 중...
  -> 구문 분석에 실패하여 정규식(Regex) 안전망을 통해 테이블 추출을 시도합니다.
  -> 경고: 파일 내에서 유효한 테이블 쿼리를 추출하지 못했습니다.
     [실패 원인] 파싱 실패: Expected ]. Line 1, Col: 11. 
          -> [쿼리 내용] - - [ M y S Q L ] 백 틱 ( ` ) 으 로 감 싸 진 식 별 자 테 스 트 W I T H ` r e c e n t _ u s e ...
[oracle.sql] 분석 중...
  -> 구문 분석에 실패하여 정규식(Regex) 안전망을 통해 테이블 추출을 시도합니다.
  -> 분석 완료 (추출된 테이블: 3개)
[postgre.sql] 분석 중...
  -> 구문 분석에 실패하여 정규식(Regex) 안전망을 통해 테이블 추출을 시도합니다.
  -> 분석 완료 (추출된 테이블: 4개)
[sqlServer.txt] 분석 중...
  -> 구문 분석에 실패하여 정규식(Regex) 안전망을 통해 테이블 추출을 시도합니다.
  -> 분석 완료 (추출된 테이블: 1개)
[[20230508_온라인대행사적재.SQL] 분석 중...
  -> 구문 분석에 실패하여 정규식(Regex) 안전망을 통해 테이블 추출을 시도합니다.
  -> 분석 완료 (추출된 테이블: 8개)
[[20230508_온라인소행사적재.sql] 분석 중...
  -> 구문 분석에 실패하여 정규식(Regex) 안전망을 통해 테이블 추출을 시도합니다.
  -> 분석 완료 (추출된 테이블: 15개)
[[20230508_온라인중행사적재.SQL] 분석 중...
  -> 구문 분석에 실패하여 정규식(Regex) 안전망을 통해 테이블 추출을 시도합니다.
  -> 분석 완료 (추출된 테이블: 9개)
[[20230508_온라인행사테이블치환.SQL] 분석 중...
  -> 구문 분석에 실패하여 정규식(Regex) 안전망을 통해 테이블 추출을 시도합니다.
  -> 분석 완료 (추출된 테이블: 6개)
[[20230509_오프라인대행사적재.SQL] 분석 중...
  -> 구문 분석에 실패하여 정규식(Regex) 안전망을 통해 테이블 추출을 시도합니다.
  -> 분석 완료 (추출된 테이블: 9개)
[[20230509_오프라인마트치환.SQL] 분석 중...
  -> 구문 분석에 실패하여 정규식(Regex) 안전망을 통해 테이블 추출을 시도합니다.
  -> 분석 완료 (추출된 테이블: 10개)
[[20230509_오프라인소행사적재.SQL] 분석 중...
  -> 구문 분석에 실패하여 정규식(Regex) 안전망을 통해 테이블 추출을 시도합니다.
  -> 분석 완료 (추출된 테이블: 29개)
[[20230509_오프라인오퍼살적적재.SQL] 분석 중...
  -> 구문 분석에 실패하여 정규식(Regex) 안전망을 통해 테이블 추출을 시도합니다.
  -> 분석 완료 (추출된 테이블: 30개)
[[20230509_오프라인중행사적재.SQL] 분석 중...
  -> 구문 분석에 실패하여 정규식(Regex) 안전망을 통해 테이블 추출을 시도합니다.
  -> 분석 완료 (추출된 테이블: 10개)
[행사구간대별실적조회.sql] 분석 중...
  -> 구문 분석에 실패하여 정규식(Regex) 안전망을 통해 테이블 추출을 시도합니다.
  -> 분석 완료 (추출된 테이블: 4개)

✅ 전체 분석 완료! 총 119개의 고유 테이블이 'output_txt\table_list.txt'에 저장되었습니다.

=== 작업 완료 (상세 로그 확인: log\20260416_093013_parser.log) ===
